<?xml version="1.0" encoding="UTF-8"?>
<testsuite name="It is required to expose an API that receives the user's information and store it in the users table" tests="1" skipped="0" failures="1" errors="0" timestamp="2024-03-20T05:50:13" hostname="PSOFKA0441" time="10.262">
  <properties/>
  <testcase name="TST-001 The backend server of the automation rest consumes the user registration service in a happy path scenario: Happy path - 1user" classname="It is required to expose an API that receives the user's information and store it in the users table" time="10.262">
    <failure message="java.lang.AssertionError: &#13;&#10;Expected: is &lt;false&gt;&#13;&#10;     but: was &lt;true&gt;" type="java.lang.AssertionError">java.lang.AssertionError: 
Expected: is &lt;false&gt;
     but: was &lt;true&gt;
	at org.hamcrest.MatcherAssert.assertThat(MatcherAssert.java:20)
	at org.hamcrest.MatcherAssert.assertThat(MatcherAssert.java:6)
	at net.serenitybdd.screenplay.QuestionConsequence.evaluateFor(QuestionConsequence.java:49)
	at net.serenitybdd.screenplay.Actor.check(Actor.java:420)
	at net.serenitybdd.screenplay.Actor.should(Actor.java:392)
	at com.co.starter.test.task.rest.user.ValidateCreatedUser.performAs(ValidateCreatedUser.java:31)
	at com.co.starter.test.task.rest.user.ValidateCreatedUser$ByteBuddy$A5KqeYod.performAs$accessor$B6tcM17I(Unknown Source)
	at java.base/jdk.internal.reflect.NativeMethodAccessorImpl.invoke0(Native Method)
	at java.base/jdk.internal.reflect.NativeMethodAccessorImpl.invoke(NativeMethodAccessorImpl.java:77)
	at java.base/jdk.internal.reflect.DelegatingMethodAccessorImpl.invoke(DelegatingMethodAccessorImpl.java:43)
	at java.base/java.lang.reflect.Method.invoke(Method.java:568)
	at net.thucydides.core.steps.StepInterceptor.invokeMethod(StepInterceptor.java:523)
	at net.thucydides.core.steps.StepInterceptor.executeTestStepMethod(StepInterceptor.java:503)
	at net.thucydides.core.steps.StepInterceptor.runTestStep(StepInterceptor.java:475)
	at net.thucydides.core.steps.StepInterceptor.runOrSkipMethod(StepInterceptor.java:217)
	at net.thucydides.core.steps.StepInterceptor.testStepResult(StepInterceptor.java:204)
	at net.thucydides.core.steps.StepInterceptor.intercept(StepInterceptor.java:92)
	at net.thucydides.core.steps.ProxyConfiguration$InterceptorDispatcher.intercept(ProxyConfiguration.java:51)
	at com.co.starter.test.task.rest.user.ValidateCreatedUser$ByteBuddy$A5KqeYod.performAs(Unknown Source)
	at net.serenitybdd.screenplay.Actor.performTask(Actor.java:299)
	at net.serenitybdd.screenplay.Actor.perform(Actor.java:274)
	at net.serenitybdd.screenplay.Actor.attemptsTo(Actor.java:215)
	at net.serenitybdd.screenplay.Actor.attemptsTo(Actor.java:222)
	at com.co.starter.test.stepdefinitions.CreateUserStepDefinition.theResponseDataIsValidated(CreateUserStepDefinition.java:55)
	at ✽.the response data is validated(file:///C:/PROGRAMACION/AutomationRestStarter/src/test/resources/features/create_user.feature:17)
</failure>
  </testcase>
  <system-out><![CDATA[
@EN0001-HP
Scenario Outline: TST-001 The backend server of the automation rest consumes the user registration service in a happy path scenario: Happy path - 1user ?[90m# src/test/resources/features/create_user.feature:22?[0m
00:50:14.022 [Test worker] DEBUG io.cucumber.core.plugin.SerenityReporter -- Running feature from file:///C:/PROGRAMACION/AutomationRestStarter/src/test/resources/features/create_user.feature
00:50:14.224 [Test worker] INFO  -- 
  _____   ___   ___   _____     ___   _____     _     ___   _____   ___   ___  
 |_   _| | __| / __| |_   _|   / __| |_   _|   /_\   | _ \ |_   _| | __| |   \ 
   | |   | _|  \__ \   | |     \__ \   | |    / _ \  |   /   | |   | _|  | |) |
   |_|   |___| |___/   |_|     |___/   |_|   /_/ \_\ |_|_\   |_|   |___| |___/ 

<testId> The backend server of the automation rest consumes the user registration service in a happy path scenario: <testDescription>(it-is-required-to-expose-an-api-that-receives-the-user-s-information-and-store-it-in-the-users-table;<testid>-the-backend-server-of-the-automation-rest-consumes-the-user-registration-service-in-a-happy-path-scenario:-<testdescription>)
--------------------------------------------------------------------------------
00:50:15.411 [Test worker] DEBUG net.thucydides.core.steps.StepInterceptor -- STARTING STEP: StepInterceptor.testContext - performAs
00:50:15.911 [Test worker] DEBUG net.thucydides.core.steps.StepInterceptor -- STARTING STEP: StepInterceptor.testContext - {0} executes a POST on the resource #resource
00:50:21.249 [Test worker] DEBUG net.thucydides.core.steps.StepInterceptor -- STEP DONE: {0} executes a POST on the resource #resource
00:50:21.274 [Test worker] DEBUG net.thucydides.core.steps.StepInterceptor -- STEP DONE: performAs
  ?[32mWhen ?[0m?[32mthe backend server calls the microservice to register an user with the data?[0m                                                                      ?[90m# com.co.starter.test.stepdefinitions.CreateUserStepDefinition.theUserCallTheServiceWithTheData(com.co.starter.test.models.datatables.user.CreateUserDataTable)?[0m
    | firstName | lastName | email | telephone | address | city |
    | OK        | OK       | OK    | OK        | OK      | OK   |
00:50:21.340 [Test worker] DEBUG net.thucydides.core.steps.StepInterceptor -- STARTING STEP: StepInterceptor.testContext - performAs
00:50:22.819 [Test worker] DEBUG com.zaxxer.hikari.HikariConfig -- HikariPool-1 - configuration:
00:50:22.823 [Test worker] DEBUG com.zaxxer.hikari.HikariConfig -- allowPoolSuspension................................false
00:50:22.823 [Test worker] DEBUG com.zaxxer.hikari.HikariConfig -- autoCommit................................true
00:50:22.824 [Test worker] DEBUG com.zaxxer.hikari.HikariConfig -- catalog................................none
00:50:22.824 [Test worker] DEBUG com.zaxxer.hikari.HikariConfig -- connectionInitSql................................none
00:50:22.825 [Test worker] DEBUG com.zaxxer.hikari.HikariConfig -- connectionTestQuery................................none
00:50:22.825 [Test worker] DEBUG com.zaxxer.hikari.HikariConfig -- connectionTimeout................................30000
00:50:22.825 [Test worker] DEBUG com.zaxxer.hikari.HikariConfig -- dataSource................................none
00:50:22.825 [Test worker] DEBUG com.zaxxer.hikari.HikariConfig -- dataSourceClassName................................none
00:50:22.826 [Test worker] DEBUG com.zaxxer.hikari.HikariConfig -- dataSourceJNDI................................none
00:50:22.826 [Test worker] DEBUG com.zaxxer.hikari.HikariConfig -- dataSourceProperties................................{password=<masked>, prepStmtCacheSqlLimit=2048, cachePrepStmts=true, prepStmtCacheSize=250}
00:50:22.827 [Test worker] DEBUG com.zaxxer.hikari.HikariConfig -- driverClassName................................none
00:50:22.827 [Test worker] DEBUG com.zaxxer.hikari.HikariConfig -- exceptionOverrideClassName................................none
00:50:22.827 [Test worker] DEBUG com.zaxxer.hikari.HikariConfig -- healthCheckProperties................................{}
00:50:22.827 [Test worker] DEBUG com.zaxxer.hikari.HikariConfig -- healthCheckRegistry................................none
00:50:22.828 [Test worker] DEBUG com.zaxxer.hikari.HikariConfig -- idleTimeout................................600000
00:50:22.828 [Test worker] DEBUG com.zaxxer.hikari.HikariConfig -- initializationFailTimeout................................1
00:50:22.828 [Test worker] DEBUG com.zaxxer.hikari.HikariConfig -- isolateInternalQueries................................false
00:50:22.828 [Test worker] DEBUG com.zaxxer.hikari.HikariConfig -- jdbcUrl................................jdbc:sqlserver://127.0.0.1:1433;databaseName=user;encrypt=false;trustServerCertificate=true
00:50:22.829 [Test worker] DEBUG com.zaxxer.hikari.HikariConfig -- keepaliveTime................................0
00:50:22.829 [Test worker] DEBUG com.zaxxer.hikari.HikariConfig -- leakDetectionThreshold................................0
00:50:22.829 [Test worker] DEBUG com.zaxxer.hikari.HikariConfig -- maxLifetime................................1800000
00:50:22.829 [Test worker] DEBUG com.zaxxer.hikari.HikariConfig -- maximumPoolSize................................10
00:50:22.829 [Test worker] DEBUG com.zaxxer.hikari.HikariConfig -- metricRegistry................................none
00:50:22.829 [Test worker] DEBUG com.zaxxer.hikari.HikariConfig -- metricsTrackerFactory................................none
00:50:22.830 [Test worker] DEBUG com.zaxxer.hikari.HikariConfig -- minimumIdle................................10
00:50:22.830 [Test worker] DEBUG com.zaxxer.hikari.HikariConfig -- password................................<masked>
00:50:22.830 [Test worker] DEBUG com.zaxxer.hikari.HikariConfig -- poolName................................"HikariPool-1"
00:50:22.830 [Test worker] DEBUG com.zaxxer.hikari.HikariConfig -- readOnly................................false
00:50:22.831 [Test worker] DEBUG com.zaxxer.hikari.HikariConfig -- registerMbeans................................false
00:50:22.831 [Test worker] DEBUG com.zaxxer.hikari.HikariConfig -- scheduledExecutor................................none
00:50:22.831 [Test worker] DEBUG com.zaxxer.hikari.HikariConfig -- schema................................none
00:50:22.831 [Test worker] DEBUG com.zaxxer.hikari.HikariConfig -- threadFactory................................internal
00:50:22.831 [Test worker] DEBUG com.zaxxer.hikari.HikariConfig -- transactionIsolation................................default
00:50:22.832 [Test worker] DEBUG com.zaxxer.hikari.HikariConfig -- username................................"sa"
00:50:22.832 [Test worker] DEBUG com.zaxxer.hikari.HikariConfig -- validationTimeout................................5000
00:50:22.834 [Test worker] INFO com.zaxxer.hikari.HikariDataSource -- HikariPool-1 - Starting...
00:50:23.017 [Test worker] DEBUG com.zaxxer.hikari.util.DriverDataSource -- Loaded driver with class name com.microsoft.sqlserver.jdbc.SQLServerDriver for jdbcUrl=jdbc:sqlserver://127.0.0.1:1433;databaseName=user;encrypt=false;trustServerCertificate=true
00:50:23.590 [Test worker] DEBUG com.zaxxer.hikari.pool.HikariPool -- HikariPool-1 - Added connection ConnectionID:1 ClientConnectionId: 07d762ea-38e1-4cbc-b908-b5d442ee2796
00:50:23.595 [Test worker] INFO com.zaxxer.hikari.HikariDataSource -- HikariPool-1 - Start completed.
00:50:23.695 [HikariPool-1 housekeeper] DEBUG com.zaxxer.hikari.pool.HikariPool -- HikariPool-1 - Pool stats (total=1, active=0, idle=1, waiting=0)
00:50:23.753 [HikariPool-1 connection adder] DEBUG com.zaxxer.hikari.pool.HikariPool -- HikariPool-1 - Added connection ConnectionID:2 ClientConnectionId: 8d4d88a6-8455-49e9-b874-ace12bf9959d
  ?[31mThen ?[0m?[31mthe response data is validated?[0m                                                                                                                   ?[90m# com.co.starter.test.stepdefinitions.CreateUserStepDefinition.theResponseDataIsValidated(com.co.starter.test.models.datatables.user.CreateUserDataTable)?[0m
    | firstName | lastName | email | telephone | address | city | codeResponse | description                 | type    | databaseCheck |
    | OK        | OK       | OK    | OK        | OK      | OK   | 201          | Usuario creado exitosamente | SUCCESS | false         |
      ?[31mjava.lang.AssertionError: 
Expected: is <false>
     but: was <true>
	at org.hamcrest.MatcherAssert.assertThat(MatcherAssert.java:20)
	at org.hamcrest.MatcherAssert.assertThat(MatcherAssert.java:6)
	at net.serenitybdd.screenplay.QuestionConsequence.evaluateFor(QuestionConsequence.java:49)
	at net.serenitybdd.screenplay.Actor.check(Actor.java:420)
	at net.serenitybdd.screenplay.Actor.should(Actor.java:392)
	at com.co.starter.test.task.rest.user.ValidateCreatedUser.performAs(ValidateCreatedUser.java:31)
	at com.co.starter.test.task.rest.user.ValidateCreatedUser$ByteBuddy$A5KqeYod.performAs$accessor$B6tcM17I(Unknown Source)
	at java.base/jdk.internal.reflect.NativeMethodAccessorImpl.invoke0(Native Method)
	at java.base/jdk.internal.reflect.NativeMethodAccessorImpl.invoke(NativeMethodAccessorImpl.java:77)
	at java.base/jdk.internal.reflect.DelegatingMethodAccessorImpl.invoke(DelegatingMethodAccessorImpl.java:43)
	at java.base/java.lang.reflect.Method.invoke(Method.java:568)
	at net.thucydides.core.steps.StepInterceptor.invokeMethod(StepInterceptor.java:523)
	at net.thucydides.core.steps.StepInterceptor.executeTestStepMethod(StepInterceptor.java:503)
	at net.thucydides.core.steps.StepInterceptor.runTestStep(StepInterceptor.java:475)
	at net.thucydides.core.steps.StepInterceptor.runOrSkipMethod(StepInterceptor.java:217)
	at net.thucydides.core.steps.StepInterceptor.testStepResult(StepInterceptor.java:204)
	at net.thucydides.core.steps.StepInterceptor.intercept(StepInterceptor.java:92)
	at net.thucydides.core.steps.ProxyConfiguration$InterceptorDispatcher.intercept(ProxyConfiguration.java:51)
	at com.co.starter.test.task.rest.user.ValidateCreatedUser$ByteBuddy$A5KqeYod.performAs(Unknown Source)
	at net.serenitybdd.screenplay.Actor.performTask(Actor.java:299)
	at net.serenitybdd.screenplay.Actor.perform(Actor.java:274)
	at net.serenitybdd.screenplay.Actor.attemptsTo(Actor.java:215)
	at net.serenitybdd.screenplay.Actor.attemptsTo(Actor.java:222)
	at com.co.starter.test.stepdefinitions.CreateUserStepDefinition.theResponseDataIsValidated(CreateUserStepDefinition.java:55)
	at âœ½.the response data is validated(file:///C:/PROGRAMACION/AutomationRestStarter/src/test/resources/features/create_user.feature:17)
?[0m
00:50:23.823 [HikariPool-1 connection adder] DEBUG com.zaxxer.hikari.pool.HikariPool -- HikariPool-1 - Added connection ConnectionID:3 ClientConnectionId: c8d32965-e1e9-4ba5-9d3b-b37a9b6a24cb
00:50:23.874 [Test worker] ERROR  -- 
  _____   ___   ___   _____     ___     _     ___   _      ___   ___  
 |_   _| | __| / __| |_   _|   | __|   /_\   |_ _| | |    | __| |   \ 
   | |   | _|  \__ \   | |     | _|   / _ \   | |  | |__  | _|  | |) |
   |_|   |___| |___/   |_|     |_|   /_/ \_\ |___| |____| |___| |___/ 

<testId> The backend server of the automation rest consumes the user registration service in a happy path scenario
-----------------------------------------------------------------------
00:50:23.884 [Test worker] DEBUG  -- RELATED ISSUES: 
00:50:23.903 [HikariPool-1 connection adder] DEBUG com.zaxxer.hikari.pool.HikariPool -- HikariPool-1 - Added connection ConnectionID:4 ClientConnectionId: fbfa7f8c-8b35-4067-b4d8-1b2d852f5d37
00:50:23.953 [HikariPool-1 connection adder] DEBUG com.zaxxer.hikari.pool.HikariPool -- HikariPool-1 - Added connection ConnectionID:5 ClientConnectionId: 35669c53-61b9-47d1-aec4-dca6aedbacfd
00:50:23.992 [HikariPool-1 connection adder] DEBUG com.zaxxer.hikari.pool.HikariPool -- HikariPool-1 - Added connection ConnectionID:6 ClientConnectionId: 33c25c9d-1d25-4d66-b17c-72f6a8603fb2
00:50:24.044 [HikariPool-1 connection adder] DEBUG com.zaxxer.hikari.pool.HikariPool -- HikariPool-1 - Added connection ConnectionID:7 ClientConnectionId: f797b4ab-7612-4a47-bb6f-33a4140371ec
00:50:24.088 [HikariPool-1 connection adder] DEBUG com.zaxxer.hikari.pool.HikariPool -- HikariPool-1 - Added connection ConnectionID:8 ClientConnectionId: 18a65540-22fe-4e13-8a90-e86d9f72f12f
00:50:24.103 [Test worker] ERROR  --     Test failed at step: Then The info in database should be (false)
00:50:24.112 [Test worker] ERROR  --     Expected: is <false> but: was <true>
00:50:24.136 [HikariPool-1 connection adder] DEBUG com.zaxxer.hikari.pool.HikariPool -- HikariPool-1 - Added connection ConnectionID:9 ClientConnectionId: 238b2135-9012-4df0-a319-b81e3bc6c531
]]></system-out>
  <system-err><![CDATA[]]></system-err>
</testsuite>
